<?xml version="1.0" encoding="UTF-8"?>
<coverage generated="1584147499882" clover="3.2.0">
  <project timestamp="1584147499883" name="All files">
    <metrics statements="10" coveredstatements="10" conditionals="0" coveredconditionals="0" methods="3" coveredmethods="3" elements="13" coveredelements="13" complexity="0" loc="10" ncloc="10" packages="1" files="1" classes="1"/>
    <file name="array-map.js" path="C:\Users\jimmy\alchemy\ctrack401\data-structures-and-algorithms\challenges\arrayMap\array-map.js">
      <metrics statements="10" coveredstatements="10" conditionals="0" coveredconditionals="0" methods="3" coveredmethods="3"/>
      <line num="9" count="1" type="stmt"/>
      <line num="11" count="5" type="stmt"/>
      <line num="14" count="1" type="stmt"/>
      <line num="41" count="1" type="stmt"/>
      <line num="42" count="1" type="stmt"/>
      <line num="44" count="1" type="stmt"/>
      <line num="45" count="5" type="stmt"/>
      <line num="47" count="1" type="stmt"/>
      <line num="51" count="5" type="stmt"/>
      <line num="59" count="1" type="stmt"/>
    </file>
  </project>
</coverage>
