{"C:\\Users\\jimmy\\alchemy\\ctrack401\\data-structures-and-algorithms\\challenges\\arrayBinarySearch\\array-binary-search.js": {"path":"C:\\Users\\jimmy\\alchemy\\ctrack401\\data-structures-and-algorithms\\challenges\\arrayBinarySearch\\array-binary-search.js","statementMap":{"0":{"start":{"line":2,"column":12},"end":{"line":2,"column":24}},"1":{"start":{"line":3,"column":15},"end":{"line":3,"column":16}},"2":{"start":{"line":5,"column":2},"end":{"line":10,"column":3}},"3":{"start":{"line":5,"column":15},"end":{"line":5,"column":16}},"4":{"start":{"line":6,"column":24},"end":{"line":6,"column":54}},"5":{"start":{"line":7,"column":4},"end":{"line":7,"column":63}},"6":{"start":{"line":7,"column":42},"end":{"line":7,"column":63}},"7":{"start":{"line":8,"column":4},"end":{"line":8,"column":60}},"8":{"start":{"line":8,"column":40},"end":{"line":8,"column":60}},"9":{"start":{"line":9,"column":4},"end":{"line":9,"column":63}},"10":{"start":{"line":9,"column":40},"end":{"line":9,"column":63}},"11":{"start":{"line":11,"column":2},"end":{"line":11,"column":12}},"12":{"start":{"line":14,"column":0},"end":{"line":16,"column":2}}},"fnMap":{"0":{"name":"binarySearch","decl":{"start":{"line":1,"column":9},"end":{"line":1,"column":21}},"loc":{"start":{"line":1,"column":38},"end":{"line":12,"column":1}},"line":1}},"branchMap":{"0":{"loc":{"start":{"line":7,"column":4},"end":{"line":7,"column":63}},"type":"if","locations":[{"start":{"line":7,"column":4},"end":{"line":7,"column":63}},{"start":{"line":7,"column":4},"end":{"line":7,"column":63}}],"line":7},"1":{"loc":{"start":{"line":8,"column":4},"end":{"line":8,"column":60}},"type":"if","locations":[{"start":{"line":8,"column":4},"end":{"line":8,"column":60}},{"start":{"line":8,"column":4},"end":{"line":8,"column":60}}],"line":8},"2":{"loc":{"start":{"line":9,"column":4},"end":{"line":9,"column":63}},"type":"if","locations":[{"start":{"line":9,"column":4},"end":{"line":9,"column":63}},{"start":{"line":9,"column":4},"end":{"line":9,"column":63}}],"line":9}},"s":{"0":8,"1":8,"2":8,"3":8,"4":15,"5":15,"6":6,"7":9,"8":7,"9":9,"10":2,"11":2,"12":1},"f":{"0":8},"b":{"0":[6,9],"1":[7,2],"2":[2,7]},"_coverageSchema":"1a1c01bbd47fc00a2c39e90264f33305004495a9","hash":"767a55bb82780be6bd1d37ae47b209be1fe8626d"}
}
