{"C:\\Users\\jimmy\\alchemy\\ctrack401\\data-structures-and-algorithms\\challenges\\arrayMap\\array-map.js": {"path":"C:\\Users\\jimmy\\alchemy\\ctrack401\\data-structures-and-algorithms\\challenges\\arrayMap\\array-map.js","statementMap":{"0":{"start":{"line":9,"column":16},"end":{"line":9,"column":31}},"1":{"start":{"line":11,"column":15},"end":{"line":11,"column":44}},"2":{"start":{"line":11,"column":35},"end":{"line":11,"column":43}},"3":{"start":{"line":14,"column":0},"end":{"line":14,"column":28}},"4":{"start":{"line":41,"column":12},"end":{"line":48,"column":1}},"5":{"start":{"line":42,"column":15},"end":{"line":42,"column":17}},"6":{"start":{"line":44,"column":2},"end":{"line":46,"column":3}},"7":{"start":{"line":44,"column":14},"end":{"line":44,"column":15}},"8":{"start":{"line":45,"column":4},"end":{"line":45,"column":34}},"9":{"start":{"line":47,"column":2},"end":{"line":47,"column":16}},"10":{"start":{"line":51,"column":2},"end":{"line":55,"column":4}},"11":{"start":{"line":59,"column":0},"end":{"line":59,"column":43}}},"fnMap":{"0":{"name":"(anonymous_0)","decl":{"start":{"line":11,"column":27},"end":{"line":11,"column":28}},"loc":{"start":{"line":11,"column":35},"end":{"line":11,"column":43}},"line":11},"1":{"name":"(anonymous_1)","decl":{"start":{"line":41,"column":12},"end":{"line":41,"column":13}},"loc":{"start":{"line":41,"column":29},"end":{"line":48,"column":1}},"line":41},"2":{"name":"makeObj","decl":{"start":{"line":50,"column":9},"end":{"line":50,"column":16}},"loc":{"start":{"line":50,"column":38},"end":{"line":56,"column":1}},"line":50}},"branchMap":{},"s":{"0":1,"1":1,"2":5,"3":1,"4":1,"5":1,"6":1,"7":1,"8":5,"9":1,"10":5,"11":1},"f":{"0":5,"1":1,"2":5},"b":{},"_coverageSchema":"1a1c01bbd47fc00a2c39e90264f33305004495a9","hash":"9b3eab22eeba501eec3b1bb5dbef9cc2d9f552f1"}
}
